{"/Users/raghavsharma/Documents/projects/vidflix-server2/vidflix-server/index.js": {"path":"/Users/raghavsharma/Documents/projects/vidflix-server2/vidflix-server/index.js","statementMap":{"0":{"start":{"line":1,"column":16},"end":{"line":1,"column":34}},"1":{"start":{"line":2,"column":12},"end":{"line":2,"column":21}},"2":{"start":{"line":3,"column":16},"end":{"line":3,"column":34}},"3":{"start":{"line":5,"column":0},"end":{"line":5,"column":31}},"4":{"start":{"line":6,"column":0},"end":{"line":6,"column":33}},"5":{"start":{"line":7,"column":0},"end":{"line":7,"column":26}},"6":{"start":{"line":8,"column":0},"end":{"line":8,"column":30}},"7":{"start":{"line":9,"column":0},"end":{"line":9,"column":34}},"8":{"start":{"line":11,"column":13},"end":{"line":11,"column":37}},"9":{"start":{"line":12,"column":15},"end":{"line":12,"column":83}},"10":{"start":{"line":12,"column":38},"end":{"line":12,"column":82}},"11":{"start":{"line":14,"column":0},"end":{"line":14,"column":24}}},"fnMap":{"0":{"name":"(anonymous_0)","decl":{"start":{"line":12,"column":32},"end":{"line":12,"column":33}},"loc":{"start":{"line":12,"column":38},"end":{"line":12,"column":82}},"line":12}},"branchMap":{"0":{"loc":{"start":{"line":11,"column":13},"end":{"line":11,"column":37}},"type":"binary-expr","locations":[{"start":{"line":11,"column":13},"end":{"line":11,"column":29}},{"start":{"line":11,"column":33},"end":{"line":11,"column":37}}],"line":11}},"s":{"0":2,"1":2,"2":2,"3":2,"4":2,"5":2,"6":2,"7":2,"8":2,"9":2,"10":2,"11":2},"f":{"0":2},"b":{"0":[2,2]},"_coverageSchema":"43e27e138ebf9cfc5966b082cf9a028302ed4184","hash":"56379e8c20fb8b381bef2848aca4d60086f84ef7"}
,"/Users/raghavsharma/Documents/projects/vidflix-server2/vidflix-server/middleware/admin.js": {"path":"/Users/raghavsharma/Documents/projects/vidflix-server2/vidflix-server/middleware/admin.js","statementMap":{"0":{"start":{"line":1,"column":0},"end":{"line":4,"column":1}},"1":{"start":{"line":2,"column":4},"end":{"line":2,"column":72}},"2":{"start":{"line":2,"column":27},"end":{"line":2,"column":72}},"3":{"start":{"line":3,"column":4},"end":{"line":3,"column":11}}},"fnMap":{"0":{"name":"(anonymous_0)","decl":{"start":{"line":1,"column":17},"end":{"line":1,"column":18}},"loc":{"start":{"line":1,"column":43},"end":{"line":4,"column":1}},"line":1}},"branchMap":{"0":{"loc":{"start":{"line":2,"column":4},"end":{"line":2,"column":72}},"type":"if","locations":[{"start":{"line":2,"column":4},"end":{"line":2,"column":72}},{"start":{"line":2,"column":4},"end":{"line":2,"column":72}}],"line":2}},"s":{"0":2,"1":0,"2":0,"3":0},"f":{"0":0},"b":{"0":[0,0]},"_coverageSchema":"43e27e138ebf9cfc5966b082cf9a028302ed4184","hash":"cf4b4ba06d74cf5afd55e414d15d6b10aaae467c"}
,"/Users/raghavsharma/Documents/projects/vidflix-server2/vidflix-server/middleware/async.js": {"path":"/Users/raghavsharma/Documents/projects/vidflix-server2/vidflix-server/middleware/async.js","statementMap":{"0":{"start":{"line":1,"column":0},"end":{"line":9,"column":1}},"1":{"start":{"line":2,"column":4},"end":{"line":8,"column":6}},"2":{"start":{"line":3,"column":8},"end":{"line":7,"column":9}},"3":{"start":{"line":4,"column":12},"end":{"line":4,"column":36}},"4":{"start":{"line":6,"column":12},"end":{"line":6,"column":58}}},"fnMap":{"0":{"name":"asyncMiddleware","decl":{"start":{"line":1,"column":26},"end":{"line":1,"column":41}},"loc":{"start":{"line":1,"column":44},"end":{"line":9,"column":1}},"line":1},"1":{"name":"(anonymous_1)","decl":{"start":{"line":2,"column":11},"end":{"line":2,"column":12}},"loc":{"start":{"line":2,"column":37},"end":{"line":8,"column":5}},"line":2}},"branchMap":{},"s":{"0":2,"1":0,"2":0,"3":0,"4":0},"f":{"0":0,"1":0},"b":{},"_coverageSchema":"43e27e138ebf9cfc5966b082cf9a028302ed4184","hash":"f6580ce0444717ea3287a84ab89afc76dd9dba82"}
,"/Users/raghavsharma/Documents/projects/vidflix-server2/vidflix-server/middleware/auth.js": {"path":"/Users/raghavsharma/Documents/projects/vidflix-server2/vidflix-server/middleware/auth.js","statementMap":{"0":{"start":{"line":1,"column":12},"end":{"line":1,"column":35}},"1":{"start":{"line":2,"column":15},"end":{"line":2,"column":32}},"2":{"start":{"line":4,"column":0},"end":{"line":15,"column":1}},"3":{"start":{"line":5,"column":18},"end":{"line":5,"column":44}},"4":{"start":{"line":6,"column":4},"end":{"line":6,"column":80}},"5":{"start":{"line":6,"column":16},"end":{"line":6,"column":80}},"6":{"start":{"line":8,"column":4},"end":{"line":14,"column":5}},"7":{"start":{"line":9,"column":31},"end":{"line":9,"column":77}},"8":{"start":{"line":10,"column":8},"end":{"line":10,"column":34}},"9":{"start":{"line":11,"column":8},"end":{"line":11,"column":15}},"10":{"start":{"line":13,"column":8},"end":{"line":13,"column":46}}},"fnMap":{"0":{"name":"auth","decl":{"start":{"line":4,"column":26},"end":{"line":4,"column":30}},"loc":{"start":{"line":4,"column":47},"end":{"line":15,"column":1}},"line":4}},"branchMap":{"0":{"loc":{"start":{"line":6,"column":4},"end":{"line":6,"column":80}},"type":"if","locations":[{"start":{"line":6,"column":4},"end":{"line":6,"column":80}},{"start":{"line":6,"column":4},"end":{"line":6,"column":80}}],"line":6}},"s":{"0":3,"1":3,"2":3,"3":9,"4":9,"5":2,"6":7,"7":7,"8":6,"9":6,"10":1},"f":{"0":9},"b":{"0":[2,7]},"_coverageSchema":"43e27e138ebf9cfc5966b082cf9a028302ed4184","hash":"bdd8f99e643fe3b8ffdf572c5c801d77fbe02d53"}
,"/Users/raghavsharma/Documents/projects/vidflix-server2/vidflix-server/middleware/error.js": {"path":"/Users/raghavsharma/Documents/projects/vidflix-server2/vidflix-server/middleware/error.js","statementMap":{"0":{"start":{"line":1,"column":16},"end":{"line":1,"column":34}},"1":{"start":{"line":3,"column":0},"end":{"line":7,"column":1}},"2":{"start":{"line":5,"column":4},"end":{"line":5,"column":36}},"3":{"start":{"line":6,"column":4},"end":{"line":6,"column":48}}},"fnMap":{"0":{"name":"(anonymous_0)","decl":{"start":{"line":3,"column":17},"end":{"line":3,"column":18}},"loc":{"start":{"line":3,"column":48},"end":{"line":7,"column":1}},"line":3}},"branchMap":{},"s":{"0":2,"1":2,"2":0,"3":0},"f":{"0":0},"b":{},"_coverageSchema":"43e27e138ebf9cfc5966b082cf9a028302ed4184","hash":"bce6c6a2eb046c82625c486f6990a0f7e5f8bcbe"}
,"/Users/raghavsharma/Documents/projects/vidflix-server2/vidflix-server/middleware/validateObjectId.js": {"path":"/Users/raghavsharma/Documents/projects/vidflix-server2/vidflix-server/middleware/validateObjectId.js","statementMap":{"0":{"start":{"line":1,"column":17},"end":{"line":1,"column":36}},"1":{"start":{"line":3,"column":0},"end":{"line":6,"column":1}},"2":{"start":{"line":4,"column":4},"end":{"line":4,"column":105}},"3":{"start":{"line":4,"column":56},"end":{"line":4,"column":105}},"4":{"start":{"line":5,"column":4},"end":{"line":5,"column":11}}},"fnMap":{"0":{"name":"(anonymous_0)","decl":{"start":{"line":3,"column":17},"end":{"line":3,"column":18}},"loc":{"start":{"line":3,"column":41},"end":{"line":6,"column":1}},"line":3}},"branchMap":{"0":{"loc":{"start":{"line":4,"column":4},"end":{"line":4,"column":105}},"type":"if","locations":[{"start":{"line":4,"column":4},"end":{"line":4,"column":105}},{"start":{"line":4,"column":4},"end":{"line":4,"column":105}}],"line":4}},"s":{"0":2,"1":2,"2":3,"3":2,"4":1},"f":{"0":3},"b":{"0":[2,1]},"_coverageSchema":"43e27e138ebf9cfc5966b082cf9a028302ed4184","hash":"d6a3a46d4daac3014df11a43bbe1ee12a0891a26"}
,"/Users/raghavsharma/Documents/projects/vidflix-server2/vidflix-server/models/customer.js": {"path":"/Users/raghavsharma/Documents/projects/vidflix-server2/vidflix-server/models/customer.js","statementMap":{"0":{"start":{"line":1,"column":12},"end":{"line":1,"column":32}},"1":{"start":{"line":2,"column":17},"end":{"line":2,"column":36}},"2":{"start":{"line":4,"column":23},"end":{"line":22,"column":2}},"3":{"start":{"line":24,"column":17},"end":{"line":24,"column":59}},"4":{"start":{"line":27,"column":19},"end":{"line":31,"column":6}},"5":{"start":{"line":32,"column":4},"end":{"line":32,"column":37}},"6":{"start":{"line":36,"column":0},"end":{"line":36,"column":28}},"7":{"start":{"line":37,"column":0},"end":{"line":37,"column":36}}},"fnMap":{"0":{"name":"validateCustomer","decl":{"start":{"line":26,"column":9},"end":{"line":26,"column":25}},"loc":{"start":{"line":26,"column":36},"end":{"line":33,"column":1}},"line":26}},"branchMap":{},"s":{"0":2,"1":2,"2":2,"3":2,"4":0,"5":0,"6":2,"7":2},"f":{"0":0},"b":{},"_coverageSchema":"43e27e138ebf9cfc5966b082cf9a028302ed4184","hash":"d88a8a7d0f9f3aed0f7ba3fd46d6e05cc8353b75"}
,"/Users/raghavsharma/Documents/projects/vidflix-server2/vidflix-server/models/genre.js": {"path":"/Users/raghavsharma/Documents/projects/vidflix-server2/vidflix-server/models/genre.js","statementMap":{"0":{"start":{"line":1,"column":12},"end":{"line":1,"column":32}},"1":{"start":{"line":2,"column":17},"end":{"line":2,"column":36}},"2":{"start":{"line":4,"column":20},"end":{"line":13,"column":2}},"3":{"start":{"line":15,"column":14},"end":{"line":15,"column":50}},"4":{"start":{"line":18,"column":19},"end":{"line":23,"column":6}},"5":{"start":{"line":24,"column":4},"end":{"line":24,"column":34}},"6":{"start":{"line":27,"column":0},"end":{"line":27,"column":22}},"7":{"start":{"line":28,"column":0},"end":{"line":28,"column":33}},"8":{"start":{"line":29,"column":0},"end":{"line":29,"column":34}}},"fnMap":{"0":{"name":"validateGenre","decl":{"start":{"line":17,"column":9},"end":{"line":17,"column":22}},"loc":{"start":{"line":17,"column":30},"end":{"line":25,"column":1}},"line":17}},"branchMap":{},"s":{"0":2,"1":2,"2":2,"3":2,"4":5,"5":5,"6":2,"7":2,"8":2},"f":{"0":5},"b":{},"_coverageSchema":"43e27e138ebf9cfc5966b082cf9a028302ed4184","hash":"6f7e744f4b01875caf94b05084d31ebbb94d614d"}
,"/Users/raghavsharma/Documents/projects/vidflix-server2/vidflix-server/models/movie.js": {"path":"/Users/raghavsharma/Documents/projects/vidflix-server2/vidflix-server/models/movie.js","statementMap":{"0":{"start":{"line":1,"column":17},"end":{"line":1,"column":36}},"1":{"start":{"line":2,"column":12},"end":{"line":2,"column":32}},"2":{"start":{"line":3,"column":24},"end":{"line":3,"column":42}},"3":{"start":{"line":5,"column":20},"end":{"line":29,"column":2}},"4":{"start":{"line":31,"column":14},"end":{"line":31,"column":50}},"5":{"start":{"line":36,"column":19},"end":{"line":41,"column":6}},"6":{"start":{"line":42,"column":4},"end":{"line":42,"column":34}},"7":{"start":{"line":45,"column":0},"end":{"line":45,"column":33}},"8":{"start":{"line":46,"column":0},"end":{"line":46,"column":22}}},"fnMap":{"0":{"name":"validateMovie","decl":{"start":{"line":35,"column":9},"end":{"line":35,"column":22}},"loc":{"start":{"line":35,"column":30},"end":{"line":43,"column":1}},"line":35}},"branchMap":{},"s":{"0":2,"1":2,"2":2,"3":2,"4":2,"5":0,"6":0,"7":2,"8":2},"f":{"0":0},"b":{},"_coverageSchema":"43e27e138ebf9cfc5966b082cf9a028302ed4184","hash":"c5cf79ddbe17f89922a21aef9a810cfc0d4b160d"}
,"/Users/raghavsharma/Documents/projects/vidflix-server2/vidflix-server/models/rental.js": {"path":"/Users/raghavsharma/Documents/projects/vidflix-server2/vidflix-server/models/rental.js","statementMap":{"0":{"start":{"line":1,"column":12},"end":{"line":1,"column":32}},"1":{"start":{"line":2,"column":17},"end":{"line":2,"column":36}},"2":{"start":{"line":4,"column":21},"end":{"line":53,"column":2}},"3":{"start":{"line":55,"column":15},"end":{"line":55,"column":53}},"4":{"start":{"line":58,"column":19},"end":{"line":61,"column":6}},"5":{"start":{"line":63,"column":4},"end":{"line":63,"column":35}},"6":{"start":{"line":66,"column":0},"end":{"line":66,"column":34}},"7":{"start":{"line":67,"column":0},"end":{"line":67,"column":24}}},"fnMap":{"0":{"name":"validateRental","decl":{"start":{"line":57,"column":9},"end":{"line":57,"column":23}},"loc":{"start":{"line":57,"column":32},"end":{"line":64,"column":1}},"line":57}},"branchMap":{},"s":{"0":2,"1":2,"2":2,"3":2,"4":0,"5":0,"6":2,"7":2},"f":{"0":0},"b":{},"_coverageSchema":"43e27e138ebf9cfc5966b082cf9a028302ed4184","hash":"8d445d34ef0f4f5262700ae34e111ee7dd4d56a7"}
,"/Users/raghavsharma/Documents/projects/vidflix-server2/vidflix-server/models/user.js": {"path":"/Users/raghavsharma/Documents/projects/vidflix-server2/vidflix-server/models/user.js","statementMap":{"0":{"start":{"line":1,"column":12},"end":{"line":1,"column":32}},"1":{"start":{"line":2,"column":15},"end":{"line":2,"column":32}},"2":{"start":{"line":3,"column":12},"end":{"line":3,"column":35}},"3":{"start":{"line":4,"column":17},"end":{"line":4,"column":36}},"4":{"start":{"line":6,"column":19},"end":{"line":30,"column":2}},"5":{"start":{"line":32,"column":0},"end":{"line":34,"column":1}},"6":{"start":{"line":33,"column":4},"end":{"line":33,"column":91}},"7":{"start":{"line":36,"column":13},"end":{"line":36,"column":47}},"8":{"start":{"line":39,"column":19},"end":{"line":44,"column":6}},"9":{"start":{"line":46,"column":4},"end":{"line":46,"column":33}},"10":{"start":{"line":49,"column":0},"end":{"line":49,"column":32}},"11":{"start":{"line":50,"column":0},"end":{"line":50,"column":20}}},"fnMap":{"0":{"name":"(anonymous_0)","decl":{"start":{"line":32,"column":39},"end":{"line":32,"column":40}},"loc":{"start":{"line":32,"column":49},"end":{"line":34,"column":1}},"line":32},"1":{"name":"validateUser","decl":{"start":{"line":38,"column":9},"end":{"line":38,"column":21}},"loc":{"start":{"line":38,"column":28},"end":{"line":47,"column":1}},"line":38}},"branchMap":{},"s":{"0":4,"1":4,"2":4,"3":4,"4":4,"5":4,"6":10,"7":4,"8":0,"9":0,"10":4,"11":4},"f":{"0":10,"1":0},"b":{},"_coverageSchema":"43e27e138ebf9cfc5966b082cf9a028302ed4184","hash":"11706485cad4092dc0f72d5d22b4008274b2dc63"}
,"/Users/raghavsharma/Documents/projects/vidflix-server2/vidflix-server/routes/auth.js": {"path":"/Users/raghavsharma/Documents/projects/vidflix-server2/vidflix-server/routes/auth.js","statementMap":{"0":{"start":{"line":1,"column":12},"end":{"line":1,"column":32}},"1":{"start":{"line":2,"column":10},"end":{"line":2,"column":27}},"2":{"start":{"line":3,"column":17},"end":{"line":3,"column":42}},"3":{"start":{"line":4,"column":17},"end":{"line":4,"column":36}},"4":{"start":{"line":5,"column":16},"end":{"line":5,"column":34}},"5":{"start":{"line":6,"column":15},"end":{"line":6,"column":31}},"6":{"start":{"line":7,"column":15},"end":{"line":7,"column":34}},"7":{"start":{"line":9,"column":0},"end":{"line":24,"column":3}},"8":{"start":{"line":10,"column":22},"end":{"line":10,"column":40}},"9":{"start":{"line":11,"column":4},"end":{"line":11,"column":69}},"10":{"start":{"line":11,"column":15},"end":{"line":11,"column":69}},"11":{"start":{"line":13,"column":15},"end":{"line":15,"column":6}},"12":{"start":{"line":16,"column":4},"end":{"line":16,"column":73}},"13":{"start":{"line":16,"column":15},"end":{"line":16,"column":73}},"14":{"start":{"line":19,"column":26},"end":{"line":19,"column":80}},"15":{"start":{"line":20,"column":4},"end":{"line":20,"column":82}},"16":{"start":{"line":20,"column":24},"end":{"line":20,"column":82}},"17":{"start":{"line":22,"column":18},"end":{"line":22,"column":48}},"18":{"start":{"line":23,"column":4},"end":{"line":23,"column":27}},"19":{"start":{"line":27,"column":19},"end":{"line":30,"column":6}},"20":{"start":{"line":32,"column":4},"end":{"line":32,"column":32}},"21":{"start":{"line":35,"column":0},"end":{"line":35,"column":24}}},"fnMap":{"0":{"name":"(anonymous_0)","decl":{"start":{"line":9,"column":17},"end":{"line":9,"column":18}},"loc":{"start":{"line":9,"column":37},"end":{"line":24,"column":1}},"line":9},"1":{"name":"validate","decl":{"start":{"line":26,"column":9},"end":{"line":26,"column":17}},"loc":{"start":{"line":26,"column":23},"end":{"line":33,"column":1}},"line":26}},"branchMap":{"0":{"loc":{"start":{"line":11,"column":4},"end":{"line":11,"column":69}},"type":"if","locations":[{"start":{"line":11,"column":4},"end":{"line":11,"column":69}},{"start":{"line":11,"column":4},"end":{"line":11,"column":69}}],"line":11},"1":{"loc":{"start":{"line":16,"column":4},"end":{"line":16,"column":73}},"type":"if","locations":[{"start":{"line":16,"column":4},"end":{"line":16,"column":73}},{"start":{"line":16,"column":4},"end":{"line":16,"column":73}}],"line":16},"2":{"loc":{"start":{"line":20,"column":4},"end":{"line":20,"column":82}},"type":"if","locations":[{"start":{"line":20,"column":4},"end":{"line":20,"column":82}},{"start":{"line":20,"column":4},"end":{"line":20,"column":82}}],"line":20}},"s":{"0":2,"1":2,"2":2,"3":2,"4":2,"5":2,"6":2,"7":2,"8":0,"9":0,"10":0,"11":0,"12":0,"13":0,"14":0,"15":0,"16":0,"17":0,"18":0,"19":0,"20":0,"21":2},"f":{"0":0,"1":0},"b":{"0":[0,0],"1":[0,0],"2":[0,0]},"_coverageSchema":"43e27e138ebf9cfc5966b082cf9a028302ed4184","hash":"56a3b35917fff97f9208429246ccbc1dafec0f54"}
,"/Users/raghavsharma/Documents/projects/vidflix-server2/vidflix-server/routes/customers.js": {"path":"/Users/raghavsharma/Documents/projects/vidflix-server2/vidflix-server/routes/customers.js","statementMap":{"0":{"start":{"line":1,"column":24},"end":{"line":1,"column":54}},"1":{"start":{"line":2,"column":29},"end":{"line":2,"column":58}},"2":{"start":{"line":3,"column":17},"end":{"line":3,"column":36}},"3":{"start":{"line":4,"column":16},"end":{"line":4,"column":34}},"4":{"start":{"line":5,"column":15},"end":{"line":5,"column":31}},"5":{"start":{"line":7,"column":0},"end":{"line":12,"column":3}},"6":{"start":{"line":8,"column":22},"end":{"line":8,"column":56}},"7":{"start":{"line":9,"column":4},"end":{"line":9,"column":89}},"8":{"start":{"line":9,"column":27},"end":{"line":9,"column":89}},"9":{"start":{"line":11,"column":4},"end":{"line":11,"column":31}},"10":{"start":{"line":14,"column":0},"end":{"line":19,"column":3}},"11":{"start":{"line":15,"column":21},"end":{"line":15,"column":59}},"12":{"start":{"line":16,"column":4},"end":{"line":16,"column":116}},"13":{"start":{"line":16,"column":19},"end":{"line":16,"column":116}},"14":{"start":{"line":18,"column":4},"end":{"line":18,"column":30}},"15":{"start":{"line":21,"column":0},"end":{"line":32,"column":3}},"16":{"start":{"line":22,"column":22},"end":{"line":22,"column":40}},"17":{"start":{"line":23,"column":4},"end":{"line":23,"column":69}},"18":{"start":{"line":23,"column":15},"end":{"line":23,"column":69}},"19":{"start":{"line":25,"column":21},"end":{"line":29,"column":6}},"20":{"start":{"line":30,"column":4},"end":{"line":30,"column":26}},"21":{"start":{"line":31,"column":4},"end":{"line":31,"column":23}},"22":{"start":{"line":34,"column":0},"end":{"line":47,"column":3}},"23":{"start":{"line":35,"column":22},"end":{"line":35,"column":40}},"24":{"start":{"line":36,"column":4},"end":{"line":36,"column":69}},"25":{"start":{"line":36,"column":15},"end":{"line":36,"column":69}},"26":{"start":{"line":38,"column":21},"end":{"line":44,"column":6}},"27":{"start":{"line":46,"column":4},"end":{"line":46,"column":30}},"28":{"start":{"line":49,"column":0},"end":{"line":55,"column":3}},"29":{"start":{"line":50,"column":19},"end":{"line":50,"column":57}},"30":{"start":{"line":51,"column":4},"end":{"line":51,"column":116}},"31":{"start":{"line":51,"column":19},"end":{"line":51,"column":116}},"32":{"start":{"line":53,"column":4},"end":{"line":53,"column":39}},"33":{"start":{"line":54,"column":4},"end":{"line":54,"column":30}},"34":{"start":{"line":57,"column":0},"end":{"line":57,"column":24}}},"fnMap":{"0":{"name":"(anonymous_0)","decl":{"start":{"line":7,"column":16},"end":{"line":7,"column":17}},"loc":{"start":{"line":7,"column":36},"end":{"line":12,"column":1}},"line":7},"1":{"name":"(anonymous_1)","decl":{"start":{"line":14,"column":19},"end":{"line":14,"column":20}},"loc":{"start":{"line":14,"column":39},"end":{"line":19,"column":1}},"line":14},"2":{"name":"(anonymous_2)","decl":{"start":{"line":21,"column":17},"end":{"line":21,"column":18}},"loc":{"start":{"line":21,"column":37},"end":{"line":32,"column":1}},"line":21},"3":{"name":"(anonymous_3)","decl":{"start":{"line":34,"column":19},"end":{"line":34,"column":20}},"loc":{"start":{"line":34,"column":39},"end":{"line":47,"column":1}},"line":34},"4":{"name":"(anonymous_4)","decl":{"start":{"line":49,"column":22},"end":{"line":49,"column":23}},"loc":{"start":{"line":49,"column":42},"end":{"line":55,"column":1}},"line":49}},"branchMap":{"0":{"loc":{"start":{"line":9,"column":4},"end":{"line":9,"column":89}},"type":"if","locations":[{"start":{"line":9,"column":4},"end":{"line":9,"column":89}},{"start":{"line":9,"column":4},"end":{"line":9,"column":89}}],"line":9},"1":{"loc":{"start":{"line":16,"column":4},"end":{"line":16,"column":116}},"type":"if","locations":[{"start":{"line":16,"column":4},"end":{"line":16,"column":116}},{"start":{"line":16,"column":4},"end":{"line":16,"column":116}}],"line":16},"2":{"loc":{"start":{"line":23,"column":4},"end":{"line":23,"column":69}},"type":"if","locations":[{"start":{"line":23,"column":4},"end":{"line":23,"column":69}},{"start":{"line":23,"column":4},"end":{"line":23,"column":69}}],"line":23},"3":{"loc":{"start":{"line":36,"column":4},"end":{"line":36,"column":69}},"type":"if","locations":[{"start":{"line":36,"column":4},"end":{"line":36,"column":69}},{"start":{"line":36,"column":4},"end":{"line":36,"column":69}}],"line":36},"4":{"loc":{"start":{"line":51,"column":4},"end":{"line":51,"column":116}},"type":"if","locations":[{"start":{"line":51,"column":4},"end":{"line":51,"column":116}},{"start":{"line":51,"column":4},"end":{"line":51,"column":116}}],"line":51}},"s":{"0":2,"1":2,"2":2,"3":2,"4":2,"5":2,"6":0,"7":0,"8":0,"9":0,"10":2,"11":0,"12":0,"13":0,"14":0,"15":2,"16":0,"17":0,"18":0,"19":0,"20":0,"21":0,"22":2,"23":0,"24":0,"25":0,"26":0,"27":0,"28":2,"29":0,"30":0,"31":0,"32":0,"33":0,"34":2},"f":{"0":0,"1":0,"2":0,"3":0,"4":0},"b":{"0":[0,0],"1":[0,0],"2":[0,0],"3":[0,0],"4":[0,0]},"_coverageSchema":"43e27e138ebf9cfc5966b082cf9a028302ed4184","hash":"9287dfef97fda0add88e062384e00fa2fafae942"}
,"/Users/raghavsharma/Documents/projects/vidflix-server2/vidflix-server/routes/genres.js": {"path":"/Users/raghavsharma/Documents/projects/vidflix-server2/vidflix-server/routes/genres.js","statementMap":{"0":{"start":{"line":1,"column":25},"end":{"line":1,"column":66}},"1":{"start":{"line":2,"column":13},"end":{"line":2,"column":42}},"2":{"start":{"line":3,"column":14},"end":{"line":3,"column":44}},"3":{"start":{"line":4,"column":28},"end":{"line":4,"column":54}},"4":{"start":{"line":5,"column":17},"end":{"line":5,"column":36}},"5":{"start":{"line":6,"column":16},"end":{"line":6,"column":34}},"6":{"start":{"line":7,"column":15},"end":{"line":7,"column":31}},"7":{"start":{"line":9,"column":0},"end":{"line":13,"column":3}},"8":{"start":{"line":10,"column":17},"end":{"line":10,"column":48}},"9":{"start":{"line":11,"column":2},"end":{"line":11,"column":84}},"10":{"start":{"line":11,"column":22},"end":{"line":11,"column":84}},"11":{"start":{"line":12,"column":2},"end":{"line":12,"column":19}},"12":{"start":{"line":15,"column":0},"end":{"line":22,"column":3}},"13":{"start":{"line":16,"column":16},"end":{"line":18,"column":4}},"14":{"start":{"line":19,"column":2},"end":{"line":19,"column":96}},"15":{"start":{"line":19,"column":14},"end":{"line":19,"column":96}},"16":{"start":{"line":21,"column":2},"end":{"line":21,"column":18}},"17":{"start":{"line":24,"column":0},"end":{"line":41,"column":3}},"18":{"start":{"line":26,"column":20},"end":{"line":26,"column":38}},"19":{"start":{"line":27,"column":2},"end":{"line":27,"column":67}},"20":{"start":{"line":27,"column":13},"end":{"line":27,"column":67}},"21":{"start":{"line":29,"column":14},"end":{"line":31,"column":4}},"22":{"start":{"line":33,"column":2},"end":{"line":33,"column":98}},"23":{"start":{"line":33,"column":13},"end":{"line":33,"column":98}},"24":{"start":{"line":35,"column":2},"end":{"line":37,"column":5}},"25":{"start":{"line":39,"column":2},"end":{"line":39,"column":21}},"26":{"start":{"line":40,"column":2},"end":{"line":40,"column":18}},"27":{"start":{"line":43,"column":0},"end":{"line":55,"column":3}},"28":{"start":{"line":44,"column":20},"end":{"line":44,"column":38}},"29":{"start":{"line":45,"column":2},"end":{"line":45,"column":67}},"30":{"start":{"line":45,"column":13},"end":{"line":45,"column":67}},"31":{"start":{"line":47,"column":16},"end":{"line":51,"column":4}},"32":{"start":{"line":53,"column":2},"end":{"line":53,"column":80}},"33":{"start":{"line":53,"column":14},"end":{"line":53,"column":80}},"34":{"start":{"line":54,"column":2},"end":{"line":54,"column":25}},"35":{"start":{"line":59,"column":0},"end":{"line":67,"column":3}},"36":{"start":{"line":60,"column":14},"end":{"line":60,"column":49}},"37":{"start":{"line":62,"column":2},"end":{"line":62,"column":79}},"38":{"start":{"line":62,"column":14},"end":{"line":62,"column":79}},"39":{"start":{"line":64,"column":2},"end":{"line":64,"column":31}},"40":{"start":{"line":66,"column":2},"end":{"line":66,"column":18}},"41":{"start":{"line":69,"column":0},"end":{"line":69,"column":24}}},"fnMap":{"0":{"name":"(anonymous_0)","decl":{"start":{"line":9,"column":16},"end":{"line":9,"column":17}},"loc":{"start":{"line":9,"column":36},"end":{"line":13,"column":1}},"line":9},"1":{"name":"(anonymous_1)","decl":{"start":{"line":15,"column":37},"end":{"line":15,"column":38}},"loc":{"start":{"line":15,"column":57},"end":{"line":22,"column":1}},"line":15},"2":{"name":"(anonymous_2)","decl":{"start":{"line":24,"column":23},"end":{"line":24,"column":24}},"loc":{"start":{"line":24,"column":43},"end":{"line":41,"column":1}},"line":24},"3":{"name":"(anonymous_3)","decl":{"start":{"line":43,"column":45},"end":{"line":43,"column":46}},"loc":{"start":{"line":43,"column":65},"end":{"line":55,"column":1}},"line":43},"4":{"name":"(anonymous_4)","decl":{"start":{"line":59,"column":47},"end":{"line":59,"column":48}},"loc":{"start":{"line":59,"column":67},"end":{"line":67,"column":1}},"line":59}},"branchMap":{"0":{"loc":{"start":{"line":11,"column":2},"end":{"line":11,"column":84}},"type":"if","locations":[{"start":{"line":11,"column":2},"end":{"line":11,"column":84}},{"start":{"line":11,"column":2},"end":{"line":11,"column":84}}],"line":11},"1":{"loc":{"start":{"line":19,"column":2},"end":{"line":19,"column":96}},"type":"if","locations":[{"start":{"line":19,"column":2},"end":{"line":19,"column":96}},{"start":{"line":19,"column":2},"end":{"line":19,"column":96}}],"line":19},"2":{"loc":{"start":{"line":27,"column":2},"end":{"line":27,"column":67}},"type":"if","locations":[{"start":{"line":27,"column":2},"end":{"line":27,"column":67}},{"start":{"line":27,"column":2},"end":{"line":27,"column":67}}],"line":27},"3":{"loc":{"start":{"line":33,"column":2},"end":{"line":33,"column":98}},"type":"if","locations":[{"start":{"line":33,"column":2},"end":{"line":33,"column":98}},{"start":{"line":33,"column":2},"end":{"line":33,"column":98}}],"line":33},"4":{"loc":{"start":{"line":45,"column":2},"end":{"line":45,"column":67}},"type":"if","locations":[{"start":{"line":45,"column":2},"end":{"line":45,"column":67}},{"start":{"line":45,"column":2},"end":{"line":45,"column":67}}],"line":45},"5":{"loc":{"start":{"line":53,"column":2},"end":{"line":53,"column":80}},"type":"if","locations":[{"start":{"line":53,"column":2},"end":{"line":53,"column":80}},{"start":{"line":53,"column":2},"end":{"line":53,"column":80}}],"line":53},"6":{"loc":{"start":{"line":62,"column":2},"end":{"line":62,"column":79}},"type":"if","locations":[{"start":{"line":62,"column":2},"end":{"line":62,"column":79}},{"start":{"line":62,"column":2},"end":{"line":62,"column":79}}],"line":62}},"s":{"0":2,"1":2,"2":2,"3":2,"4":2,"5":2,"6":2,"7":2,"8":2,"9":2,"10":1,"11":1,"12":2,"13":1,"14":1,"15":0,"16":1,"17":2,"18":5,"19":5,"20":2,"21":3,"22":3,"23":0,"24":3,"25":3,"26":3,"27":2,"28":0,"29":0,"30":0,"31":0,"32":0,"33":0,"34":0,"35":2,"36":0,"37":0,"38":0,"39":0,"40":0,"41":2},"f":{"0":2,"1":1,"2":5,"3":0,"4":0},"b":{"0":[1,1],"1":[0,1],"2":[2,3],"3":[0,3],"4":[0,0],"5":[0,0],"6":[0,0]},"_coverageSchema":"43e27e138ebf9cfc5966b082cf9a028302ed4184","hash":"31a6c5d065779962e29b5be0ec4a8ba456f3f60b"}
,"/Users/raghavsharma/Documents/projects/vidflix-server2/vidflix-server/routes/movies.js": {"path":"/Users/raghavsharma/Documents/projects/vidflix-server2/vidflix-server/routes/movies.js","statementMap":{"0":{"start":{"line":1,"column":24},"end":{"line":1,"column":54}},"1":{"start":{"line":2,"column":28},"end":{"line":2,"column":54}},"2":{"start":{"line":3,"column":18},"end":{"line":3,"column":44}},"3":{"start":{"line":4,"column":17},"end":{"line":4,"column":36}},"4":{"start":{"line":5,"column":16},"end":{"line":5,"column":34}},"5":{"start":{"line":6,"column":15},"end":{"line":6,"column":31}},"6":{"start":{"line":7,"column":13},"end":{"line":7,"column":42}},"7":{"start":{"line":9,"column":0},"end":{"line":14,"column":3}},"8":{"start":{"line":10,"column":19},"end":{"line":10,"column":50}},"9":{"start":{"line":11,"column":4},"end":{"line":11,"column":82}},"10":{"start":{"line":11,"column":24},"end":{"line":11,"column":82}},"11":{"start":{"line":13,"column":4},"end":{"line":13,"column":28}},"12":{"start":{"line":16,"column":0},"end":{"line":21,"column":3}},"13":{"start":{"line":17,"column":18},"end":{"line":17,"column":53}},"14":{"start":{"line":18,"column":4},"end":{"line":18,"column":96}},"15":{"start":{"line":18,"column":16},"end":{"line":18,"column":96}},"16":{"start":{"line":20,"column":4},"end":{"line":20,"column":27}},"17":{"start":{"line":23,"column":0},"end":{"line":46,"column":3}},"18":{"start":{"line":27,"column":22},"end":{"line":27,"column":40}},"19":{"start":{"line":28,"column":4},"end":{"line":28,"column":69}},"20":{"start":{"line":28,"column":15},"end":{"line":28,"column":69}},"21":{"start":{"line":30,"column":18},"end":{"line":30,"column":56}},"22":{"start":{"line":31,"column":4},"end":{"line":31,"column":113}},"23":{"start":{"line":31,"column":16},"end":{"line":31,"column":113}},"24":{"start":{"line":33,"column":18},"end":{"line":41,"column":6}},"25":{"start":{"line":44,"column":4},"end":{"line":44,"column":23}},"26":{"start":{"line":45,"column":4},"end":{"line":45,"column":27}},"27":{"start":{"line":48,"column":0},"end":{"line":68,"column":3}},"28":{"start":{"line":49,"column":22},"end":{"line":49,"column":40}},"29":{"start":{"line":50,"column":4},"end":{"line":50,"column":69}},"30":{"start":{"line":50,"column":15},"end":{"line":50,"column":69}},"31":{"start":{"line":52,"column":18},"end":{"line":52,"column":56}},"32":{"start":{"line":53,"column":4},"end":{"line":53,"column":113}},"33":{"start":{"line":53,"column":16},"end":{"line":53,"column":113}},"34":{"start":{"line":55,"column":16},"end":{"line":65,"column":6}},"35":{"start":{"line":66,"column":4},"end":{"line":66,"column":90}},"36":{"start":{"line":66,"column":16},"end":{"line":66,"column":90}},"37":{"start":{"line":67,"column":4},"end":{"line":67,"column":27}},"38":{"start":{"line":70,"column":0},"end":{"line":75,"column":3}},"39":{"start":{"line":71,"column":18},"end":{"line":71,"column":62}},"40":{"start":{"line":72,"column":4},"end":{"line":72,"column":62}},"41":{"start":{"line":72,"column":15},"end":{"line":72,"column":62}},"42":{"start":{"line":74,"column":4},"end":{"line":74,"column":63}},"43":{"start":{"line":76,"column":0},"end":{"line":76,"column":24}}},"fnMap":{"0":{"name":"(anonymous_0)","decl":{"start":{"line":9,"column":16},"end":{"line":9,"column":17}},"loc":{"start":{"line":9,"column":36},"end":{"line":14,"column":1}},"line":9},"1":{"name":"(anonymous_1)","decl":{"start":{"line":16,"column":19},"end":{"line":16,"column":20}},"loc":{"start":{"line":16,"column":39},"end":{"line":21,"column":1}},"line":16},"2":{"name":"(anonymous_2)","decl":{"start":{"line":23,"column":23},"end":{"line":23,"column":24}},"loc":{"start":{"line":23,"column":43},"end":{"line":46,"column":1}},"line":23},"3":{"name":"(anonymous_3)","decl":{"start":{"line":48,"column":25},"end":{"line":48,"column":26}},"loc":{"start":{"line":48,"column":45},"end":{"line":68,"column":1}},"line":48},"4":{"name":"(anonymous_4)","decl":{"start":{"line":70,"column":28},"end":{"line":70,"column":29}},"loc":{"start":{"line":70,"column":47},"end":{"line":75,"column":1}},"line":70}},"branchMap":{"0":{"loc":{"start":{"line":11,"column":4},"end":{"line":11,"column":82}},"type":"if","locations":[{"start":{"line":11,"column":4},"end":{"line":11,"column":82}},{"start":{"line":11,"column":4},"end":{"line":11,"column":82}}],"line":11},"1":{"loc":{"start":{"line":18,"column":4},"end":{"line":18,"column":96}},"type":"if","locations":[{"start":{"line":18,"column":4},"end":{"line":18,"column":96}},{"start":{"line":18,"column":4},"end":{"line":18,"column":96}}],"line":18},"2":{"loc":{"start":{"line":28,"column":4},"end":{"line":28,"column":69}},"type":"if","locations":[{"start":{"line":28,"column":4},"end":{"line":28,"column":69}},{"start":{"line":28,"column":4},"end":{"line":28,"column":69}}],"line":28},"3":{"loc":{"start":{"line":31,"column":4},"end":{"line":31,"column":113}},"type":"if","locations":[{"start":{"line":31,"column":4},"end":{"line":31,"column":113}},{"start":{"line":31,"column":4},"end":{"line":31,"column":113}}],"line":31},"4":{"loc":{"start":{"line":50,"column":4},"end":{"line":50,"column":69}},"type":"if","locations":[{"start":{"line":50,"column":4},"end":{"line":50,"column":69}},{"start":{"line":50,"column":4},"end":{"line":50,"column":69}}],"line":50},"5":{"loc":{"start":{"line":53,"column":4},"end":{"line":53,"column":113}},"type":"if","locations":[{"start":{"line":53,"column":4},"end":{"line":53,"column":113}},{"start":{"line":53,"column":4},"end":{"line":53,"column":113}}],"line":53},"6":{"loc":{"start":{"line":66,"column":4},"end":{"line":66,"column":90}},"type":"if","locations":[{"start":{"line":66,"column":4},"end":{"line":66,"column":90}},{"start":{"line":66,"column":4},"end":{"line":66,"column":90}}],"line":66},"7":{"loc":{"start":{"line":72,"column":4},"end":{"line":72,"column":62}},"type":"if","locations":[{"start":{"line":72,"column":4},"end":{"line":72,"column":62}},{"start":{"line":72,"column":4},"end":{"line":72,"column":62}}],"line":72}},"s":{"0":2,"1":2,"2":2,"3":2,"4":2,"5":2,"6":2,"7":2,"8":0,"9":0,"10":0,"11":0,"12":2,"13":0,"14":0,"15":0,"16":0,"17":2,"18":0,"19":0,"20":0,"21":0,"22":0,"23":0,"24":0,"25":0,"26":0,"27":2,"28":0,"29":0,"30":0,"31":0,"32":0,"33":0,"34":0,"35":0,"36":0,"37":0,"38":2,"39":0,"40":0,"41":0,"42":0,"43":2},"f":{"0":0,"1":0,"2":0,"3":0,"4":0},"b":{"0":[0,0],"1":[0,0],"2":[0,0],"3":[0,0],"4":[0,0],"5":[0,0],"6":[0,0],"7":[0,0]},"_coverageSchema":"43e27e138ebf9cfc5966b082cf9a028302ed4184","hash":"8c39e588c4cee777bf4c0ad2004d66a0af38a3af"}
,"/Users/raghavsharma/Documents/projects/vidflix-server2/vidflix-server/routes/rentals.js": {"path":"/Users/raghavsharma/Documents/projects/vidflix-server2/vidflix-server/routes/rentals.js","statementMap":{"0":{"start":{"line":1,"column":24},"end":{"line":1,"column":54}},"1":{"start":{"line":2,"column":29},"end":{"line":2,"column":56}},"2":{"start":{"line":3,"column":18},"end":{"line":3,"column":44}},"3":{"start":{"line":4,"column":21},"end":{"line":4,"column":50}},"4":{"start":{"line":5,"column":13},"end":{"line":5,"column":28}},"5":{"start":{"line":6,"column":17},"end":{"line":6,"column":36}},"6":{"start":{"line":7,"column":16},"end":{"line":7,"column":34}},"7":{"start":{"line":8,"column":15},"end":{"line":8,"column":31}},"8":{"start":{"line":9,"column":13},"end":{"line":9,"column":42}},"9":{"start":{"line":11,"column":0},"end":{"line":11,"column":20}},"10":{"start":{"line":13,"column":0},"end":{"line":18,"column":3}},"11":{"start":{"line":14,"column":20},"end":{"line":14,"column":56}},"12":{"start":{"line":15,"column":4},"end":{"line":15,"column":80}},"13":{"start":{"line":15,"column":25},"end":{"line":15,"column":80}},"14":{"start":{"line":17,"column":4},"end":{"line":17,"column":29}},"15":{"start":{"line":20,"column":0},"end":{"line":73,"column":3}},"16":{"start":{"line":21,"column":22},"end":{"line":21,"column":40}},"17":{"start":{"line":22,"column":4},"end":{"line":22,"column":69}},"18":{"start":{"line":22,"column":15},"end":{"line":22,"column":69}},"19":{"start":{"line":24,"column":21},"end":{"line":24,"column":65}},"20":{"start":{"line":25,"column":4},"end":{"line":25,"column":67}},"21":{"start":{"line":25,"column":19},"end":{"line":25,"column":67}},"22":{"start":{"line":27,"column":18},"end":{"line":27,"column":56}},"23":{"start":{"line":28,"column":4},"end":{"line":28,"column":66}},"24":{"start":{"line":28,"column":16},"end":{"line":28,"column":66}},"25":{"start":{"line":30,"column":17},"end":{"line":37,"column":6}},"26":{"start":{"line":39,"column":4},"end":{"line":39,"column":108}},"27":{"start":{"line":39,"column":15},"end":{"line":39,"column":108}},"28":{"start":{"line":41,"column":4},"end":{"line":41,"column":123}},"29":{"start":{"line":41,"column":35},"end":{"line":41,"column":123}},"30":{"start":{"line":43,"column":4},"end":{"line":54,"column":7}},"31":{"start":{"line":56,"column":4},"end":{"line":70,"column":5}},"32":{"start":{"line":57,"column":8},"end":{"line":67,"column":19}},"33":{"start":{"line":69,"column":8},"end":{"line":69,"column":82}},"34":{"start":{"line":72,"column":4},"end":{"line":72,"column":21}},"35":{"start":{"line":75,"column":0},"end":{"line":75,"column":24}}},"fnMap":{"0":{"name":"(anonymous_0)","decl":{"start":{"line":13,"column":16},"end":{"line":13,"column":17}},"loc":{"start":{"line":13,"column":36},"end":{"line":18,"column":1}},"line":13},"1":{"name":"(anonymous_1)","decl":{"start":{"line":20,"column":23},"end":{"line":20,"column":24}},"loc":{"start":{"line":20,"column":43},"end":{"line":73,"column":1}},"line":20}},"branchMap":{"0":{"loc":{"start":{"line":15,"column":4},"end":{"line":15,"column":80}},"type":"if","locations":[{"start":{"line":15,"column":4},"end":{"line":15,"column":80}},{"start":{"line":15,"column":4},"end":{"line":15,"column":80}}],"line":15},"1":{"loc":{"start":{"line":22,"column":4},"end":{"line":22,"column":69}},"type":"if","locations":[{"start":{"line":22,"column":4},"end":{"line":22,"column":69}},{"start":{"line":22,"column":4},"end":{"line":22,"column":69}}],"line":22},"2":{"loc":{"start":{"line":25,"column":4},"end":{"line":25,"column":67}},"type":"if","locations":[{"start":{"line":25,"column":4},"end":{"line":25,"column":67}},{"start":{"line":25,"column":4},"end":{"line":25,"column":67}}],"line":25},"3":{"loc":{"start":{"line":28,"column":4},"end":{"line":28,"column":66}},"type":"if","locations":[{"start":{"line":28,"column":4},"end":{"line":28,"column":66}},{"start":{"line":28,"column":4},"end":{"line":28,"column":66}}],"line":28},"4":{"loc":{"start":{"line":39,"column":4},"end":{"line":39,"column":108}},"type":"if","locations":[{"start":{"line":39,"column":4},"end":{"line":39,"column":108}},{"start":{"line":39,"column":4},"end":{"line":39,"column":108}}],"line":39},"5":{"loc":{"start":{"line":41,"column":4},"end":{"line":41,"column":123}},"type":"if","locations":[{"start":{"line":41,"column":4},"end":{"line":41,"column":123}},{"start":{"line":41,"column":4},"end":{"line":41,"column":123}}],"line":41}},"s":{"0":2,"1":2,"2":2,"3":2,"4":2,"5":2,"6":2,"7":2,"8":2,"9":2,"10":2,"11":0,"12":0,"13":0,"14":0,"15":2,"16":0,"17":0,"18":0,"19":0,"20":0,"21":0,"22":0,"23":0,"24":0,"25":0,"26":0,"27":0,"28":0,"29":0,"30":0,"31":0,"32":0,"33":0,"34":0,"35":2},"f":{"0":0,"1":0},"b":{"0":[0,0],"1":[0,0],"2":[0,0],"3":[0,0],"4":[0,0],"5":[0,0]},"_coverageSchema":"43e27e138ebf9cfc5966b082cf9a028302ed4184","hash":"d89b06c6b1cc1fe097ca134d6e378f48f789df48"}
,"/Users/raghavsharma/Documents/projects/vidflix-server2/vidflix-server/routes/users.js": {"path":"/Users/raghavsharma/Documents/projects/vidflix-server2/vidflix-server/routes/users.js","statementMap":{"0":{"start":{"line":1,"column":24},"end":{"line":1,"column":54}},"1":{"start":{"line":2,"column":12},"end":{"line":2,"column":35}},"2":{"start":{"line":3,"column":15},"end":{"line":3,"column":32}},"3":{"start":{"line":4,"column":10},"end":{"line":4,"column":27}},"4":{"start":{"line":5,"column":27},"end":{"line":5,"column":52}},"5":{"start":{"line":6,"column":17},"end":{"line":6,"column":36}},"6":{"start":{"line":7,"column":16},"end":{"line":7,"column":34}},"7":{"start":{"line":8,"column":15},"end":{"line":8,"column":31}},"8":{"start":{"line":9,"column":15},"end":{"line":9,"column":34}},"9":{"start":{"line":11,"column":0},"end":{"line":29,"column":3}},"10":{"start":{"line":12,"column":22},"end":{"line":12,"column":40}},"11":{"start":{"line":13,"column":4},"end":{"line":13,"column":69}},"12":{"start":{"line":13,"column":15},"end":{"line":13,"column":69}},"13":{"start":{"line":15,"column":15},"end":{"line":17,"column":6}},"14":{"start":{"line":18,"column":4},"end":{"line":18,"column":73}},"15":{"start":{"line":18,"column":14},"end":{"line":18,"column":73}},"16":{"start":{"line":20,"column":4},"end":{"line":20,"column":80}},"17":{"start":{"line":21,"column":17},"end":{"line":21,"column":41}},"18":{"start":{"line":22,"column":4},"end":{"line":22,"column":59}},"19":{"start":{"line":24,"column":4},"end":{"line":24,"column":22}},"20":{"start":{"line":26,"column":18},"end":{"line":26,"column":48}},"21":{"start":{"line":28,"column":4},"end":{"line":28,"column":81}},"22":{"start":{"line":31,"column":0},"end":{"line":31,"column":24}}},"fnMap":{"0":{"name":"(anonymous_0)","decl":{"start":{"line":11,"column":17},"end":{"line":11,"column":18}},"loc":{"start":{"line":11,"column":37},"end":{"line":29,"column":1}},"line":11}},"branchMap":{"0":{"loc":{"start":{"line":13,"column":4},"end":{"line":13,"column":69}},"type":"if","locations":[{"start":{"line":13,"column":4},"end":{"line":13,"column":69}},{"start":{"line":13,"column":4},"end":{"line":13,"column":69}}],"line":13},"1":{"loc":{"start":{"line":18,"column":4},"end":{"line":18,"column":73}},"type":"if","locations":[{"start":{"line":18,"column":4},"end":{"line":18,"column":73}},{"start":{"line":18,"column":4},"end":{"line":18,"column":73}}],"line":18}},"s":{"0":2,"1":2,"2":2,"3":2,"4":2,"5":2,"6":2,"7":2,"8":2,"9":2,"10":0,"11":0,"12":0,"13":0,"14":0,"15":0,"16":0,"17":0,"18":0,"19":0,"20":0,"21":0,"22":2},"f":{"0":0},"b":{"0":[0,0],"1":[0,0]},"_coverageSchema":"43e27e138ebf9cfc5966b082cf9a028302ed4184","hash":"274cb9002e5af9238a8126333d6d50811aa7483c"}
,"/Users/raghavsharma/Documents/projects/vidflix-server2/vidflix-server/startup/config.js": {"path":"/Users/raghavsharma/Documents/projects/vidflix-server2/vidflix-server/startup/config.js","statementMap":{"0":{"start":{"line":1,"column":15},"end":{"line":1,"column":32}},"1":{"start":{"line":3,"column":0},"end":{"line":8,"column":1}},"2":{"start":{"line":4,"column":4},"end":{"line":7,"column":5}},"3":{"start":{"line":5,"column":8},"end":{"line":5,"column":68}},"4":{"start":{"line":6,"column":8},"end":{"line":6,"column":23}}},"fnMap":{"0":{"name":"(anonymous_0)","decl":{"start":{"line":3,"column":17},"end":{"line":3,"column":18}},"loc":{"start":{"line":3,"column":29},"end":{"line":8,"column":1}},"line":3}},"branchMap":{"0":{"loc":{"start":{"line":4,"column":4},"end":{"line":7,"column":5}},"type":"if","locations":[{"start":{"line":4,"column":4},"end":{"line":7,"column":5}},{"start":{"line":4,"column":4},"end":{"line":7,"column":5}}],"line":4}},"s":{"0":2,"1":2,"2":2,"3":0,"4":0},"f":{"0":2},"b":{"0":[0,2]},"_coverageSchema":"43e27e138ebf9cfc5966b082cf9a028302ed4184","hash":"15a067ba32509263efee456f5a65ec5185d78961"}
,"/Users/raghavsharma/Documents/projects/vidflix-server2/vidflix-server/startup/db.js": {"path":"/Users/raghavsharma/Documents/projects/vidflix-server2/vidflix-server/startup/db.js","statementMap":{"0":{"start":{"line":1,"column":16},"end":{"line":1,"column":34}},"1":{"start":{"line":2,"column":17},"end":{"line":2,"column":36}},"2":{"start":{"line":3,"column":15},"end":{"line":3,"column":32}},"3":{"start":{"line":5,"column":0},"end":{"line":12,"column":1}},"4":{"start":{"line":6,"column":18},"end":{"line":6,"column":34}},"5":{"start":{"line":7,"column":4},"end":{"line":11,"column":60}},"6":{"start":{"line":11,"column":20},"end":{"line":11,"column":59}}},"fnMap":{"0":{"name":"(anonymous_0)","decl":{"start":{"line":5,"column":17},"end":{"line":5,"column":18}},"loc":{"start":{"line":5,"column":29},"end":{"line":12,"column":1}},"line":5},"1":{"name":"(anonymous_1)","decl":{"start":{"line":11,"column":14},"end":{"line":11,"column":15}},"loc":{"start":{"line":11,"column":20},"end":{"line":11,"column":59}},"line":11}},"branchMap":{},"s":{"0":2,"1":2,"2":2,"3":2,"4":2,"5":2,"6":2},"f":{"0":2,"1":2},"b":{},"_coverageSchema":"43e27e138ebf9cfc5966b082cf9a028302ed4184","hash":"29f27d91645da239407e98221a86653f60d03d63"}
,"/Users/raghavsharma/Documents/projects/vidflix-server2/vidflix-server/startup/logging.js": {"path":"/Users/raghavsharma/Documents/projects/vidflix-server2/vidflix-server/startup/logging.js","statementMap":{"0":{"start":{"line":1,"column":16},"end":{"line":1,"column":34}},"1":{"start":{"line":2,"column":0},"end":{"line":2,"column":27}},"2":{"start":{"line":3,"column":0},"end":{"line":3,"column":32}},"3":{"start":{"line":5,"column":0},"end":{"line":26,"column":1}},"4":{"start":{"line":6,"column":4},"end":{"line":14,"column":5}},"5":{"start":{"line":15,"column":4},"end":{"line":17,"column":6}},"6":{"start":{"line":16,"column":8},"end":{"line":16,"column":16}},"7":{"start":{"line":19,"column":4},"end":{"line":21,"column":7}},"8":{"start":{"line":22,"column":4},"end":{"line":25,"column":7}}},"fnMap":{"0":{"name":"(anonymous_0)","decl":{"start":{"line":5,"column":17},"end":{"line":5,"column":18}},"loc":{"start":{"line":5,"column":29},"end":{"line":26,"column":1}},"line":5},"1":{"name":"(anonymous_1)","decl":{"start":{"line":15,"column":37},"end":{"line":15,"column":38}},"loc":{"start":{"line":15,"column":43},"end":{"line":17,"column":5}},"line":15}},"branchMap":{},"s":{"0":2,"1":2,"2":2,"3":2,"4":2,"5":2,"6":0,"7":2,"8":2},"f":{"0":2,"1":0},"b":{},"_coverageSchema":"43e27e138ebf9cfc5966b082cf9a028302ed4184","hash":"7a0072a6012983cc54417e4ad6b0af4ba6567e8a"}
,"/Users/raghavsharma/Documents/projects/vidflix-server2/vidflix-server/startup/routes.js": {"path":"/Users/raghavsharma/Documents/projects/vidflix-server2/vidflix-server/startup/routes.js","statementMap":{"0":{"start":{"line":1,"column":19},"end":{"line":1,"column":41}},"1":{"start":{"line":2,"column":15},"end":{"line":2,"column":42}},"2":{"start":{"line":3,"column":18},"end":{"line":3,"column":48}},"3":{"start":{"line":4,"column":15},"end":{"line":4,"column":42}},"4":{"start":{"line":5,"column":16},"end":{"line":5,"column":44}},"5":{"start":{"line":6,"column":14},"end":{"line":6,"column":40}},"6":{"start":{"line":7,"column":13},"end":{"line":7,"column":38}},"7":{"start":{"line":8,"column":14},"end":{"line":8,"column":44}},"8":{"start":{"line":10,"column":0},"end":{"line":20,"column":1}},"9":{"start":{"line":12,"column":4},"end":{"line":12,"column":31}},"10":{"start":{"line":13,"column":4},"end":{"line":13,"column":35}},"11":{"start":{"line":14,"column":4},"end":{"line":14,"column":41}},"12":{"start":{"line":15,"column":4},"end":{"line":15,"column":35}},"13":{"start":{"line":16,"column":4},"end":{"line":16,"column":37}},"14":{"start":{"line":17,"column":4},"end":{"line":17,"column":33}},"15":{"start":{"line":18,"column":4},"end":{"line":18,"column":31}},"16":{"start":{"line":19,"column":4},"end":{"line":19,"column":19}}},"fnMap":{"0":{"name":"(anonymous_0)","decl":{"start":{"line":10,"column":17},"end":{"line":10,"column":18}},"loc":{"start":{"line":10,"column":32},"end":{"line":20,"column":1}},"line":10}},"branchMap":{},"s":{"0":2,"1":2,"2":2,"3":2,"4":2,"5":2,"6":2,"7":2,"8":2,"9":2,"10":2,"11":2,"12":2,"13":2,"14":2,"15":2,"16":2},"f":{"0":2},"b":{},"_coverageSchema":"43e27e138ebf9cfc5966b082cf9a028302ed4184","hash":"116ce1aae37719c8898b63e705667c734031b03b"}
,"/Users/raghavsharma/Documents/projects/vidflix-server2/vidflix-server/startup/validation.js": {"path":"/Users/raghavsharma/Documents/projects/vidflix-server2/vidflix-server/startup/validation.js","statementMap":{"0":{"start":{"line":1,"column":12},"end":{"line":1,"column":32}},"1":{"start":{"line":3,"column":0},"end":{"line":5,"column":1}},"2":{"start":{"line":4,"column":4},"end":{"line":4,"column":48}}},"fnMap":{"0":{"name":"(anonymous_0)","decl":{"start":{"line":3,"column":17},"end":{"line":3,"column":18}},"loc":{"start":{"line":3,"column":29},"end":{"line":5,"column":1}},"line":3}},"branchMap":{},"s":{"0":2,"1":2,"2":2},"f":{"0":2},"b":{},"_coverageSchema":"43e27e138ebf9cfc5966b082cf9a028302ed4184","hash":"71a7348f68d81c29a9de290f8d1a861b4abc2c03"}
}
