TN:
SF:/Users/raghavsharma/Documents/projects/vidflix-server2/vidflix-server/index.js
FN:12,(anonymous_0)
FNF:1
FNH:1
FNDA:2,(anonymous_0)
DA:1,2
DA:2,2
DA:3,2
DA:5,2
DA:6,2
DA:7,2
DA:8,2
DA:9,2
DA:11,2
DA:12,2
DA:14,2
LF:11
LH:11
BRDA:11,0,0,2
BRDA:11,0,1,2
BRF:2
BRH:2
end_of_record
TN:
SF:/Users/raghavsharma/Documents/projects/vidflix-server2/vidflix-server/middleware/admin.js
FN:1,(anonymous_0)
FNF:1
FNH:0
FNDA:0,(anonymous_0)
DA:1,2
DA:2,0
DA:3,0
LF:3
LH:1
BRDA:2,0,0,0
BRDA:2,0,1,0
BRF:2
BRH:0
end_of_record
TN:
SF:/Users/raghavsharma/Documents/projects/vidflix-server2/vidflix-server/middleware/async.js
FN:1,asyncMiddleware
FN:2,(anonymous_1)
FNF:2
FNH:0
FNDA:0,asyncMiddleware
FNDA:0,(anonymous_1)
DA:1,2
DA:2,0
DA:3,0
DA:4,0
DA:6,0
LF:5
LH:1
BRF:0
BRH:0
end_of_record
TN:
SF:/Users/raghavsharma/Documents/projects/vidflix-server2/vidflix-server/middleware/auth.js
FN:4,auth
FNF:1
FNH:1
FNDA:9,auth
DA:1,3
DA:2,3
DA:4,3
DA:5,9
DA:6,9
DA:8,7
DA:9,7
DA:10,6
DA:11,6
DA:13,1
LF:10
LH:10
BRDA:6,0,0,2
BRDA:6,0,1,7
BRF:2
BRH:2
end_of_record
TN:
SF:/Users/raghavsharma/Documents/projects/vidflix-server2/vidflix-server/middleware/error.js
FN:3,(anonymous_0)
FNF:1
FNH:0
FNDA:0,(anonymous_0)
DA:1,2
DA:3,2
DA:5,0
DA:6,0
LF:4
LH:2
BRF:0
BRH:0
end_of_record
TN:
SF:/Users/raghavsharma/Documents/projects/vidflix-server2/vidflix-server/middleware/validateObjectId.js
FN:3,(anonymous_0)
FNF:1
FNH:1
FNDA:3,(anonymous_0)
DA:1,2
DA:3,2
DA:4,3
DA:5,1
LF:4
LH:4
BRDA:4,0,0,2
BRDA:4,0,1,1
BRF:2
BRH:2
end_of_record
TN:
SF:/Users/raghavsharma/Documents/projects/vidflix-server2/vidflix-server/models/customer.js
FN:26,validateCustomer
FNF:1
FNH:0
FNDA:0,validateCustomer
DA:1,2
DA:2,2
DA:4,2
DA:24,2
DA:27,0
DA:32,0
DA:36,2
DA:37,2
LF:8
LH:6
BRF:0
BRH:0
end_of_record
TN:
SF:/Users/raghavsharma/Documents/projects/vidflix-server2/vidflix-server/models/genre.js
FN:17,validateGenre
FNF:1
FNH:1
FNDA:5,validateGenre
DA:1,2
DA:2,2
DA:4,2
DA:15,2
DA:18,5
DA:24,5
DA:27,2
DA:28,2
DA:29,2
LF:9
LH:9
BRF:0
BRH:0
end_of_record
TN:
SF:/Users/raghavsharma/Documents/projects/vidflix-server2/vidflix-server/models/movie.js
FN:35,validateMovie
FNF:1
FNH:0
FNDA:0,validateMovie
DA:1,2
DA:2,2
DA:3,2
DA:5,2
DA:31,2
DA:36,0
DA:42,0
DA:45,2
DA:46,2
LF:9
LH:7
BRF:0
BRH:0
end_of_record
TN:
SF:/Users/raghavsharma/Documents/projects/vidflix-server2/vidflix-server/models/rental.js
FN:57,validateRental
FNF:1
FNH:0
FNDA:0,validateRental
DA:1,2
DA:2,2
DA:4,2
DA:55,2
DA:58,0
DA:63,0
DA:66,2
DA:67,2
LF:8
LH:6
BRF:0
BRH:0
end_of_record
TN:
SF:/Users/raghavsharma/Documents/projects/vidflix-server2/vidflix-server/models/user.js
FN:32,(anonymous_0)
FN:38,validateUser
FNF:2
FNH:1
FNDA:10,(anonymous_0)
FNDA:0,validateUser
DA:1,4
DA:2,4
DA:3,4
DA:4,4
DA:6,4
DA:32,4
DA:33,10
DA:36,4
DA:39,0
DA:46,0
DA:49,4
DA:50,4
LF:12
LH:10
BRF:0
BRH:0
end_of_record
TN:
SF:/Users/raghavsharma/Documents/projects/vidflix-server2/vidflix-server/routes/auth.js
FN:9,(anonymous_0)
FN:26,validate
FNF:2
FNH:0
FNDA:0,(anonymous_0)
FNDA:0,validate
DA:1,2
DA:2,2
DA:3,2
DA:4,2
DA:5,2
DA:6,2
DA:7,2
DA:9,2
DA:10,0
DA:11,0
DA:13,0
DA:16,0
DA:19,0
DA:20,0
DA:22,0
DA:23,0
DA:27,0
DA:32,0
DA:35,2
LF:19
LH:9
BRDA:11,0,0,0
BRDA:11,0,1,0
BRDA:16,1,0,0
BRDA:16,1,1,0
BRDA:20,2,0,0
BRDA:20,2,1,0
BRF:6
BRH:0
end_of_record
TN:
SF:/Users/raghavsharma/Documents/projects/vidflix-server2/vidflix-server/routes/customers.js
FN:7,(anonymous_0)
FN:14,(anonymous_1)
FN:21,(anonymous_2)
FN:34,(anonymous_3)
FN:49,(anonymous_4)
FNF:5
FNH:0
FNDA:0,(anonymous_0)
FNDA:0,(anonymous_1)
FNDA:0,(anonymous_2)
FNDA:0,(anonymous_3)
FNDA:0,(anonymous_4)
DA:1,2
DA:2,2
DA:3,2
DA:4,2
DA:5,2
DA:7,2
DA:8,0
DA:9,0
DA:11,0
DA:14,2
DA:15,0
DA:16,0
DA:18,0
DA:21,2
DA:22,0
DA:23,0
DA:25,0
DA:30,0
DA:31,0
DA:34,2
DA:35,0
DA:36,0
DA:38,0
DA:46,0
DA:49,2
DA:50,0
DA:51,0
DA:53,0
DA:54,0
DA:57,2
LF:30
LH:11
BRDA:9,0,0,0
BRDA:9,0,1,0
BRDA:16,1,0,0
BRDA:16,1,1,0
BRDA:23,2,0,0
BRDA:23,2,1,0
BRDA:36,3,0,0
BRDA:36,3,1,0
BRDA:51,4,0,0
BRDA:51,4,1,0
BRF:10
BRH:0
end_of_record
TN:
SF:/Users/raghavsharma/Documents/projects/vidflix-server2/vidflix-server/routes/genres.js
FN:9,(anonymous_0)
FN:15,(anonymous_1)
FN:24,(anonymous_2)
FN:43,(anonymous_3)
FN:59,(anonymous_4)
FNF:5
FNH:3
FNDA:2,(anonymous_0)
FNDA:1,(anonymous_1)
FNDA:5,(anonymous_2)
FNDA:0,(anonymous_3)
FNDA:0,(anonymous_4)
DA:1,2
DA:2,2
DA:3,2
DA:4,2
DA:5,2
DA:6,2
DA:7,2
DA:9,2
DA:10,2
DA:11,2
DA:12,1
DA:15,2
DA:16,1
DA:19,1
DA:21,1
DA:24,2
DA:26,5
DA:27,5
DA:29,3
DA:33,3
DA:35,3
DA:39,3
DA:40,3
DA:43,2
DA:44,0
DA:45,0
DA:47,0
DA:53,0
DA:54,0
DA:59,2
DA:60,0
DA:62,0
DA:64,0
DA:66,0
DA:69,2
LF:35
LH:26
BRDA:11,0,0,1
BRDA:11,0,1,1
BRDA:19,1,0,0
BRDA:19,1,1,1
BRDA:27,2,0,2
BRDA:27,2,1,3
BRDA:33,3,0,0
BRDA:33,3,1,3
BRDA:45,4,0,0
BRDA:45,4,1,0
BRDA:53,5,0,0
BRDA:53,5,1,0
BRDA:62,6,0,0
BRDA:62,6,1,0
BRF:14
BRH:6
end_of_record
TN:
SF:/Users/raghavsharma/Documents/projects/vidflix-server2/vidflix-server/routes/movies.js
FN:9,(anonymous_0)
FN:16,(anonymous_1)
FN:23,(anonymous_2)
FN:48,(anonymous_3)
FN:70,(anonymous_4)
FNF:5
FNH:0
FNDA:0,(anonymous_0)
FNDA:0,(anonymous_1)
FNDA:0,(anonymous_2)
FNDA:0,(anonymous_3)
FNDA:0,(anonymous_4)
DA:1,2
DA:2,2
DA:3,2
DA:4,2
DA:5,2
DA:6,2
DA:7,2
DA:9,2
DA:10,0
DA:11,0
DA:13,0
DA:16,2
DA:17,0
DA:18,0
DA:20,0
DA:23,2
DA:27,0
DA:28,0
DA:30,0
DA:31,0
DA:33,0
DA:44,0
DA:45,0
DA:48,2
DA:49,0
DA:50,0
DA:52,0
DA:53,0
DA:55,0
DA:66,0
DA:67,0
DA:70,2
DA:71,0
DA:72,0
DA:74,0
DA:76,2
LF:36
LH:13
BRDA:11,0,0,0
BRDA:11,0,1,0
BRDA:18,1,0,0
BRDA:18,1,1,0
BRDA:28,2,0,0
BRDA:28,2,1,0
BRDA:31,3,0,0
BRDA:31,3,1,0
BRDA:50,4,0,0
BRDA:50,4,1,0
BRDA:53,5,0,0
BRDA:53,5,1,0
BRDA:66,6,0,0
BRDA:66,6,1,0
BRDA:72,7,0,0
BRDA:72,7,1,0
BRF:16
BRH:0
end_of_record
TN:
SF:/Users/raghavsharma/Documents/projects/vidflix-server2/vidflix-server/routes/rentals.js
FN:13,(anonymous_0)
FN:20,(anonymous_1)
FNF:2
FNH:0
FNDA:0,(anonymous_0)
FNDA:0,(anonymous_1)
DA:1,2
DA:2,2
DA:3,2
DA:4,2
DA:5,2
DA:6,2
DA:7,2
DA:8,2
DA:9,2
DA:11,2
DA:13,2
DA:14,0
DA:15,0
DA:17,0
DA:20,2
DA:21,0
DA:22,0
DA:24,0
DA:25,0
DA:27,0
DA:28,0
DA:30,0
DA:39,0
DA:41,0
DA:43,0
DA:56,0
DA:57,0
DA:69,0
DA:72,0
DA:75,2
LF:30
LH:13
BRDA:15,0,0,0
BRDA:15,0,1,0
BRDA:22,1,0,0
BRDA:22,1,1,0
BRDA:25,2,0,0
BRDA:25,2,1,0
BRDA:28,3,0,0
BRDA:28,3,1,0
BRDA:39,4,0,0
BRDA:39,4,1,0
BRDA:41,5,0,0
BRDA:41,5,1,0
BRF:12
BRH:0
end_of_record
TN:
SF:/Users/raghavsharma/Documents/projects/vidflix-server2/vidflix-server/routes/users.js
FN:11,(anonymous_0)
FNF:1
FNH:0
FNDA:0,(anonymous_0)
DA:1,2
DA:2,2
DA:3,2
DA:4,2
DA:5,2
DA:6,2
DA:7,2
DA:8,2
DA:9,2
DA:11,2
DA:12,0
DA:13,0
DA:15,0
DA:18,0
DA:20,0
DA:21,0
DA:22,0
DA:24,0
DA:26,0
DA:28,0
DA:31,2
LF:21
LH:11
BRDA:13,0,0,0
BRDA:13,0,1,0
BRDA:18,1,0,0
BRDA:18,1,1,0
BRF:4
BRH:0
end_of_record
TN:
SF:/Users/raghavsharma/Documents/projects/vidflix-server2/vidflix-server/startup/config.js
FN:3,(anonymous_0)
FNF:1
FNH:1
FNDA:2,(anonymous_0)
DA:1,2
DA:3,2
DA:4,2
DA:5,0
DA:6,0
LF:5
LH:3
BRDA:4,0,0,0
BRDA:4,0,1,2
BRF:2
BRH:1
end_of_record
TN:
SF:/Users/raghavsharma/Documents/projects/vidflix-server2/vidflix-server/startup/db.js
FN:5,(anonymous_0)
FN:11,(anonymous_1)
FNF:2
FNH:2
FNDA:2,(anonymous_0)
FNDA:2,(anonymous_1)
DA:1,2
DA:2,2
DA:3,2
DA:5,2
DA:6,2
DA:7,2
DA:11,2
LF:7
LH:7
BRF:0
BRH:0
end_of_record
TN:
SF:/Users/raghavsharma/Documents/projects/vidflix-server2/vidflix-server/startup/logging.js
FN:5,(anonymous_0)
FN:15,(anonymous_1)
FNF:2
FNH:1
FNDA:2,(anonymous_0)
FNDA:0,(anonymous_1)
DA:1,2
DA:2,2
DA:3,2
DA:5,2
DA:6,2
DA:15,2
DA:16,0
DA:19,2
DA:22,2
LF:9
LH:8
BRF:0
BRH:0
end_of_record
TN:
SF:/Users/raghavsharma/Documents/projects/vidflix-server2/vidflix-server/startup/routes.js
FN:10,(anonymous_0)
FNF:1
FNH:1
FNDA:2,(anonymous_0)
DA:1,2
DA:2,2
DA:3,2
DA:4,2
DA:5,2
DA:6,2
DA:7,2
DA:8,2
DA:10,2
DA:12,2
DA:13,2
DA:14,2
DA:15,2
DA:16,2
DA:17,2
DA:18,2
DA:19,2
LF:17
LH:17
BRF:0
BRH:0
end_of_record
TN:
SF:/Users/raghavsharma/Documents/projects/vidflix-server2/vidflix-server/startup/validation.js
FN:3,(anonymous_0)
FNF:1
FNH:1
FNDA:2,(anonymous_0)
DA:1,2
DA:3,2
DA:4,2
LF:3
LH:3
BRF:0
BRH:0
end_of_record
